-- The C compiler identification is GNU 12.2.0
-- The CXX compiler identification is GNU 12.2.0
-- Detecting C compiler ABI info
-- Detecting C compiler ABI info - done
-- Check for working C compiler: /usr/bin/cc - skipped
-- Detecting C compile features
-- Detecting C compile features - done
-- Detecting CXX compiler ABI info
-- Detecting CXX compiler ABI info - done
-- Check for working CXX compiler: /usr/bin/c++ - skipped
-- Detecting CXX compile features
-- Detecting CXX compile features - done
-- Found ament_cmake: 2.0.3 (/home/pi/ros2_iron/install/ament_cmake/share/ament_cmake/cmake)
-- Found Python3: /usr/bin/python3 (found version "3.11.2") found components: Interpreter 
-- Found ament_lint_auto: 0.14.2 (/home/pi/ros2_iron/install/ament_lint_auto/share/ament_lint_auto/cmake)
-- Added test 'lint_cmake' to check CMake code style
-- Added test 'xmllint' to check XML markup files
-- Configuring done
-- Generating done
-- Build files have been written to: /home/pi/ros2_ws/src/build/can_network_library
-- Install configuration: ""
-- Installing: /home/pi/ros2_ws/src/install/can_network_library/share/ament_index/resource_index/package_run_dependencies/can_network_library
-- Installing: /home/pi/ros2_ws/src/install/can_network_library/share/ament_index/resource_index/parent_prefix_path/can_network_library
-- Installing: /home/pi/ros2_ws/src/install/can_network_library/share/can_network_library/environment/ament_prefix_path.sh
-- Installing: /home/pi/ros2_ws/src/install/can_network_library/share/can_network_library/environment/ament_prefix_path.dsv
-- Installing: /home/pi/ros2_ws/src/install/can_network_library/share/can_network_library/environment/path.sh
-- Installing: /home/pi/ros2_ws/src/install/can_network_library/share/can_network_library/environment/path.dsv
-- Installing: /home/pi/ros2_ws/src/install/can_network_library/share/can_network_library/local_setup.bash
-- Installing: /home/pi/ros2_ws/src/install/can_network_library/share/can_network_library/local_setup.sh
-- Installing: /home/pi/ros2_ws/src/install/can_network_library/share/can_network_library/local_setup.zsh
-- Installing: /home/pi/ros2_ws/src/install/can_network_library/share/can_network_library/local_setup.dsv
-- Installing: /home/pi/ros2_ws/src/install/can_network_library/share/can_network_library/package.dsv
-- Installing: /home/pi/ros2_ws/src/install/can_network_library/share/ament_index/resource_index/packages/can_network_library
-- Installing: /home/pi/ros2_ws/src/install/can_network_library/share/can_network_library/cmake/can_network_libraryConfig.cmake
-- Installing: /home/pi/ros2_ws/src/install/can_network_library/share/can_network_library/cmake/can_network_libraryConfig-version.cmake
-- Installing: /home/pi/ros2_ws/src/install/can_network_library/share/can_network_library/package.xml
