[1.601s] DEBUG:colcon:Command line arguments: ['/usr/bin/colcon', 'build', '--packages-select', 'motor_communication']
[1.601s] DEBUG:colcon:Parsed command line arguments: Namespace(log_base=None, log_level=None, verb_name='build', build_base='build', install_base='install', merge_install=False, symlink_install=False, test_result_base=None, continue_on_error=False, executor='parallel', parallel_workers=4, event_handlers=None, ignore_user_meta=False, metas=['./colcon.meta'], base_paths=['.'], packages_ignore=None, packages_ignore_regex=None, paths=None, packages_up_to=None, packages_up_to_regex=None, packages_above=None, packages_above_and_dependencies=None, packages_above_depth=None, packages_select_by_dep=None, packages_skip_by_dep=None, packages_skip_up_to=None, packages_select_build_failed=False, packages_skip_build_finished=False, packages_select_test_failures=False, packages_skip_test_passed=False, packages_select=['motor_communication'], packages_skip=None, packages_select_regex=None, packages_skip_regex=None, packages_start=None, packages_end=None, cmake_args=None, cmake_target=None, cmake_target_skip_unavailable=False, cmake_clean_cache=False, cmake_clean_first=False, cmake_force_configure=False, ament_cmake_args=None, catkin_cmake_args=None, catkin_skip_building_tests=False, verb_parser=<colcon_defaults.argument_parser.defaults.DefaultArgumentsDecorator object at 0x7f89f6fcd0>, verb_extension=<colcon_core.verb.build.BuildVerb object at 0x7f8a9bf810>, main=<bound method BuildVerb.main of <colcon_core.verb.build.BuildVerb object at 0x7f8a9bf810>>)
[1.851s] Level 1:colcon.colcon_core.package_discovery:discover_packages(colcon_meta) check parameters
[1.852s] Level 1:colcon.colcon_core.package_discovery:discover_packages(recursive) check parameters
[1.852s] Level 1:colcon.colcon_core.package_discovery:discover_packages(ignore) check parameters
[1.852s] Level 1:colcon.colcon_core.package_discovery:discover_packages(path) check parameters
[1.852s] Level 1:colcon.colcon_core.package_discovery:discover_packages(colcon_meta) discover
[1.852s] Level 1:colcon.colcon_core.package_discovery:discover_packages(recursive) discover
[1.852s] INFO:colcon.colcon_core.package_discovery:Crawling recursively for packages in '/home/pi/ros2_ws/src'
[1.853s] Level 1:colcon.colcon_core.package_identification:_identify(.) by extensions ['ignore', 'ignore_ament_install']
[1.853s] Level 1:colcon.colcon_core.package_identification:_identify(.) by extension 'ignore'
[1.853s] Level 1:colcon.colcon_core.package_identification:_identify(.) by extension 'ignore_ament_install'
[1.853s] Level 1:colcon.colcon_core.package_identification:_identify(.) by extensions ['colcon_pkg']
[1.853s] Level 1:colcon.colcon_core.package_identification:_identify(.) by extension 'colcon_pkg'
[1.854s] Level 1:colcon.colcon_core.package_identification:_identify(.) by extensions ['colcon_meta']
[1.854s] Level 1:colcon.colcon_core.package_identification:_identify(.) by extension 'colcon_meta'
[1.854s] Level 1:colcon.colcon_core.package_identification:_identify(.) by extensions ['ros']
[1.854s] Level 1:colcon.colcon_core.package_identification:_identify(.) by extension 'ros'
[1.928s] Level 1:colcon.colcon_core.package_identification:_identify(.) by extensions ['cmake', 'python']
[1.928s] Level 1:colcon.colcon_core.package_identification:_identify(.) by extension 'cmake'
[1.928s] Level 1:colcon.colcon_core.package_identification:_identify(.) by extension 'python'
[1.929s] Level 1:colcon.colcon_core.package_identification:_identify(.) by extensions ['python_setup_py']
[1.929s] Level 1:colcon.colcon_core.package_identification:_identify(.) by extension 'python_setup_py'
[1.929s] Level 1:colcon.colcon_core.package_identification:_identify(CAN_library) by extensions ['ignore', 'ignore_ament_install']
[1.929s] Level 1:colcon.colcon_core.package_identification:_identify(CAN_library) by extension 'ignore'
[1.929s] Level 1:colcon.colcon_core.package_identification:_identify(CAN_library) by extension 'ignore_ament_install'
[1.930s] Level 1:colcon.colcon_core.package_identification:_identify(CAN_library) by extensions ['colcon_pkg']
[1.930s] Level 1:colcon.colcon_core.package_identification:_identify(CAN_library) by extension 'colcon_pkg'
[1.930s] Level 1:colcon.colcon_core.package_identification:_identify(CAN_library) by extensions ['colcon_meta']
[1.930s] Level 1:colcon.colcon_core.package_identification:_identify(CAN_library) by extension 'colcon_meta'
[1.930s] Level 1:colcon.colcon_core.package_identification:_identify(CAN_library) by extensions ['ros']
[1.930s] Level 1:colcon.colcon_core.package_identification:_identify(CAN_library) by extension 'ros'
[1.937s] DEBUG:colcon.colcon_core.package_identification:Package 'CAN_library' with type 'ros.ament_cmake' and name 'CAN_library'
[1.938s] Level 1:colcon.colcon_core.package_identification:_identify(build) by extensions ['ignore', 'ignore_ament_install']
[1.938s] Level 1:colcon.colcon_core.package_identification:_identify(build) by extension 'ignore'
[1.938s] Level 1:colcon.colcon_core.package_identification:_identify(build) ignored
[1.939s] Level 1:colcon.colcon_core.package_identification:_identify(can_network_library) by extensions ['ignore', 'ignore_ament_install']
[1.939s] Level 1:colcon.colcon_core.package_identification:_identify(can_network_library) by extension 'ignore'
[1.939s] Level 1:colcon.colcon_core.package_identification:_identify(can_network_library) by extension 'ignore_ament_install'
[1.939s] Level 1:colcon.colcon_core.package_identification:_identify(can_network_library) by extensions ['colcon_pkg']
[1.939s] Level 1:colcon.colcon_core.package_identification:_identify(can_network_library) by extension 'colcon_pkg'
[1.939s] Level 1:colcon.colcon_core.package_identification:_identify(can_network_library) by extensions ['colcon_meta']
[1.939s] Level 1:colcon.colcon_core.package_identification:_identify(can_network_library) by extension 'colcon_meta'
[1.940s] Level 1:colcon.colcon_core.package_identification:_identify(can_network_library) by extensions ['ros']
[1.940s] Level 1:colcon.colcon_core.package_identification:_identify(can_network_library) by extension 'ros'
[1.941s] DEBUG:colcon.colcon_core.package_identification:Package 'can_network_library' with type 'ros.ament_cmake' and name 'can_network_library'
[1.942s] Level 1:colcon.colcon_core.package_identification:_identify(control_interface_package) by extensions ['ignore', 'ignore_ament_install']
[1.942s] Level 1:colcon.colcon_core.package_identification:_identify(control_interface_package) by extension 'ignore'
[1.942s] Level 1:colcon.colcon_core.package_identification:_identify(control_interface_package) by extension 'ignore_ament_install'
[1.942s] Level 1:colcon.colcon_core.package_identification:_identify(control_interface_package) by extensions ['colcon_pkg']
[1.942s] Level 1:colcon.colcon_core.package_identification:_identify(control_interface_package) by extension 'colcon_pkg'
[1.942s] Level 1:colcon.colcon_core.package_identification:_identify(control_interface_package) by extensions ['colcon_meta']
[1.942s] Level 1:colcon.colcon_core.package_identification:_identify(control_interface_package) by extension 'colcon_meta'
[1.943s] Level 1:colcon.colcon_core.package_identification:_identify(control_interface_package) by extensions ['ros']
[1.943s] Level 1:colcon.colcon_core.package_identification:_identify(control_interface_package) by extension 'ros'
[1.944s] DEBUG:colcon.colcon_core.package_identification:Package 'control_interface_package' with type 'ros.ament_cmake' and name 'control_interface_package'
[1.944s] Level 1:colcon.colcon_core.package_identification:_identify(custom_interfaces) by extensions ['ignore', 'ignore_ament_install']
[1.945s] Level 1:colcon.colcon_core.package_identification:_identify(custom_interfaces) by extension 'ignore'
[1.945s] Level 1:colcon.colcon_core.package_identification:_identify(custom_interfaces) by extension 'ignore_ament_install'
[1.945s] Level 1:colcon.colcon_core.package_identification:_identify(custom_interfaces) by extensions ['colcon_pkg']
[1.945s] Level 1:colcon.colcon_core.package_identification:_identify(custom_interfaces) by extension 'colcon_pkg'
[1.945s] Level 1:colcon.colcon_core.package_identification:_identify(custom_interfaces) by extensions ['colcon_meta']
[1.945s] Level 1:colcon.colcon_core.package_identification:_identify(custom_interfaces) by extension 'colcon_meta'
[1.945s] Level 1:colcon.colcon_core.package_identification:_identify(custom_interfaces) by extensions ['ros']
[1.946s] Level 1:colcon.colcon_core.package_identification:_identify(custom_interfaces) by extension 'ros'
[1.948s] DEBUG:colcon.colcon_core.package_identification:Package 'custom_interfaces' with type 'ros.ament_cmake' and name 'custom_interfaces'
[1.948s] Level 1:colcon.colcon_core.package_identification:_identify(install) by extensions ['ignore', 'ignore_ament_install']
[1.948s] Level 1:colcon.colcon_core.package_identification:_identify(install) by extension 'ignore'
[1.949s] Level 1:colcon.colcon_core.package_identification:_identify(install) ignored
[1.949s] Level 1:colcon.colcon_core.package_identification:_identify(log) by extensions ['ignore', 'ignore_ament_install']
[1.949s] Level 1:colcon.colcon_core.package_identification:_identify(log) by extension 'ignore'
[1.949s] Level 1:colcon.colcon_core.package_identification:_identify(log) ignored
[1.949s] Level 1:colcon.colcon_core.package_identification:_identify(motor_communication) by extensions ['ignore', 'ignore_ament_install']
[1.950s] Level 1:colcon.colcon_core.package_identification:_identify(motor_communication) by extension 'ignore'
[1.950s] Level 1:colcon.colcon_core.package_identification:_identify(motor_communication) by extension 'ignore_ament_install'
[1.950s] Level 1:colcon.colcon_core.package_identification:_identify(motor_communication) by extensions ['colcon_pkg']
[1.950s] Level 1:colcon.colcon_core.package_identification:_identify(motor_communication) by extension 'colcon_pkg'
[1.950s] Level 1:colcon.colcon_core.package_identification:_identify(motor_communication) by extensions ['colcon_meta']
[1.950s] Level 1:colcon.colcon_core.package_identification:_identify(motor_communication) by extension 'colcon_meta'
[1.950s] Level 1:colcon.colcon_core.package_identification:_identify(motor_communication) by extensions ['ros']
[1.950s] Level 1:colcon.colcon_core.package_identification:_identify(motor_communication) by extension 'ros'
[1.952s] DEBUG:colcon.colcon_core.package_identification:Package 'motor_communication' with type 'ros.ament_cmake' and name 'motor_communication'
[1.953s] Level 1:colcon.colcon_core.package_identification:_identify(my_control_interface_package) by extensions ['ignore', 'ignore_ament_install']
[1.953s] Level 1:colcon.colcon_core.package_identification:_identify(my_control_interface_package) by extension 'ignore'
[1.953s] Level 1:colcon.colcon_core.package_identification:_identify(my_control_interface_package) by extension 'ignore_ament_install'
[1.953s] Level 1:colcon.colcon_core.package_identification:_identify(my_control_interface_package) by extensions ['colcon_pkg']
[1.953s] Level 1:colcon.colcon_core.package_identification:_identify(my_control_interface_package) by extension 'colcon_pkg'
[1.953s] Level 1:colcon.colcon_core.package_identification:_identify(my_control_interface_package) by extensions ['colcon_meta']
[1.953s] Level 1:colcon.colcon_core.package_identification:_identify(my_control_interface_package) by extension 'colcon_meta'
[1.954s] Level 1:colcon.colcon_core.package_identification:_identify(my_control_interface_package) by extensions ['ros']
[1.954s] Level 1:colcon.colcon_core.package_identification:_identify(my_control_interface_package) by extension 'ros'
[1.955s] DEBUG:colcon.colcon_core.package_identification:Package 'my_control_interface_package' with type 'ros.ament_cmake' and name 'my_control_interface_package'
[1.955s] Level 1:colcon.colcon_core.package_identification:_identify(primitive) by extensions ['ignore', 'ignore_ament_install']
[1.956s] Level 1:colcon.colcon_core.package_identification:_identify(primitive) by extension 'ignore'
[1.956s] Level 1:colcon.colcon_core.package_identification:_identify(primitive) by extension 'ignore_ament_install'
[1.956s] Level 1:colcon.colcon_core.package_identification:_identify(primitive) by extensions ['colcon_pkg']
[1.956s] Level 1:colcon.colcon_core.package_identification:_identify(primitive) by extension 'colcon_pkg'
[1.956s] Level 1:colcon.colcon_core.package_identification:_identify(primitive) by extensions ['colcon_meta']
[1.956s] Level 1:colcon.colcon_core.package_identification:_identify(primitive) by extension 'colcon_meta'
[1.956s] Level 1:colcon.colcon_core.package_identification:_identify(primitive) by extensions ['ros']
[1.957s] Level 1:colcon.colcon_core.package_identification:_identify(primitive) by extension 'ros'
[1.958s] DEBUG:colcon.colcon_core.package_identification:Package 'primitive' with type 'ros.ament_python' and name 'primitive'
[1.959s] Level 1:colcon.colcon_core.package_identification:_identify(test) by extensions ['ignore', 'ignore_ament_install']
[1.959s] Level 1:colcon.colcon_core.package_identification:_identify(test) by extension 'ignore'
[1.959s] Level 1:colcon.colcon_core.package_identification:_identify(test) by extension 'ignore_ament_install'
[1.959s] Level 1:colcon.colcon_core.package_identification:_identify(test) by extensions ['colcon_pkg']
[1.959s] Level 1:colcon.colcon_core.package_identification:_identify(test) by extension 'colcon_pkg'
[1.959s] Level 1:colcon.colcon_core.package_identification:_identify(test) by extensions ['colcon_meta']
[1.959s] Level 1:colcon.colcon_core.package_identification:_identify(test) by extension 'colcon_meta'
[1.960s] Level 1:colcon.colcon_core.package_identification:_identify(test) by extensions ['ros']
[1.960s] Level 1:colcon.colcon_core.package_identification:_identify(test) by extension 'ros'
[1.961s] DEBUG:colcon.colcon_core.package_identification:Package 'test' with type 'ros.ament_cmake' and name 'test'
[1.962s] Level 1:colcon.colcon_core.package_identification:_identify(testing_interface) by extensions ['ignore', 'ignore_ament_install']
[1.962s] Level 1:colcon.colcon_core.package_identification:_identify(testing_interface) by extension 'ignore'
[1.962s] Level 1:colcon.colcon_core.package_identification:_identify(testing_interface) by extension 'ignore_ament_install'
[1.962s] Level 1:colcon.colcon_core.package_identification:_identify(testing_interface) by extensions ['colcon_pkg']
[1.962s] Level 1:colcon.colcon_core.package_identification:_identify(testing_interface) by extension 'colcon_pkg'
[1.963s] Level 1:colcon.colcon_core.package_identification:_identify(testing_interface) by extensions ['colcon_meta']
[1.963s] Level 1:colcon.colcon_core.package_identification:_identify(testing_interface) by extension 'colcon_meta'
[1.963s] Level 1:colcon.colcon_core.package_identification:_identify(testing_interface) by extensions ['ros']
[1.963s] Level 1:colcon.colcon_core.package_identification:_identify(testing_interface) by extension 'ros'
[1.965s] DEBUG:colcon.colcon_core.package_identification:Package 'testing_interface' with type 'ros.ament_python' and name 'testing_interface'
[1.965s] Level 1:colcon.colcon_core.package_discovery:discover_packages(recursive) using defaults
[1.966s] Level 1:colcon.colcon_core.package_discovery:discover_packages(ignore) discover
[1.966s] Level 1:colcon.colcon_core.package_discovery:discover_packages(ignore) using defaults
[1.966s] Level 1:colcon.colcon_core.package_discovery:discover_packages(path) discover
[1.966s] Level 1:colcon.colcon_core.package_discovery:discover_packages(path) using defaults
[2.130s] INFO:colcon.colcon_core.package_selection:Skipping not selected package 'CAN_library' in 'CAN_library'
[2.131s] INFO:colcon.colcon_core.package_selection:Skipping not selected package 'can_network_library' in 'can_network_library'
[2.131s] INFO:colcon.colcon_core.package_selection:Skipping not selected package 'control_interface_package' in 'control_interface_package'
[2.131s] INFO:colcon.colcon_core.package_selection:Skipping not selected package 'custom_interfaces' in 'custom_interfaces'
[2.131s] INFO:colcon.colcon_core.package_selection:Skipping not selected package 'my_control_interface_package' in 'my_control_interface_package'
[2.131s] INFO:colcon.colcon_core.package_selection:Skipping not selected package 'primitive' in 'primitive'
[2.131s] INFO:colcon.colcon_core.package_selection:Skipping not selected package 'test' in 'test'
[2.131s] INFO:colcon.colcon_core.package_selection:Skipping not selected package 'testing_interface' in 'testing_interface'
[2.134s] Level 5:colcon.colcon_core.verb:set package 'motor_communication' build argument 'cmake_args' from command line to 'None'
[2.134s] Level 5:colcon.colcon_core.verb:set package 'motor_communication' build argument 'cmake_target' from command line to 'None'
[2.134s] Level 5:colcon.colcon_core.verb:set package 'motor_communication' build argument 'cmake_target_skip_unavailable' from command line to 'False'
[2.134s] Level 5:colcon.colcon_core.verb:set package 'motor_communication' build argument 'cmake_clean_cache' from command line to 'False'
[2.134s] Level 5:colcon.colcon_core.verb:set package 'motor_communication' build argument 'cmake_clean_first' from command line to 'False'
[2.134s] Level 5:colcon.colcon_core.verb:set package 'motor_communication' build argument 'cmake_force_configure' from command line to 'False'
[2.134s] Level 5:colcon.colcon_core.verb:set package 'motor_communication' build argument 'ament_cmake_args' from command line to 'None'
[2.134s] Level 5:colcon.colcon_core.verb:set package 'motor_communication' build argument 'catkin_cmake_args' from command line to 'None'
[2.134s] Level 5:colcon.colcon_core.verb:set package 'motor_communication' build argument 'catkin_skip_building_tests' from command line to 'False'
[2.134s] DEBUG:colcon.colcon_core.verb:Building package 'motor_communication' with the following arguments: {'ament_cmake_args': None, 'build_base': '/home/pi/ros2_ws/src/build/motor_communication', 'catkin_cmake_args': None, 'catkin_skip_building_tests': False, 'cmake_args': None, 'cmake_clean_cache': False, 'cmake_clean_first': False, 'cmake_force_configure': False, 'cmake_target': None, 'cmake_target_skip_unavailable': False, 'install_base': '/home/pi/ros2_ws/src/install/motor_communication', 'merge_install': False, 'path': '/home/pi/ros2_ws/src/motor_communication', 'symlink_install': False, 'test_result_base': None}
[2.136s] INFO:colcon.colcon_core.executor:Executing jobs using 'parallel' executor
[2.140s] DEBUG:colcon.colcon_parallel_executor.executor.parallel:run_until_complete
[2.141s] INFO:colcon.colcon_ros.task.ament_cmake.build:Building ROS package in '/home/pi/ros2_ws/src/motor_communication' with build type 'ament_cmake'
[2.141s] INFO:colcon.colcon_cmake.task.cmake.build:Building CMake package in '/home/pi/ros2_ws/src/motor_communication'
[2.165s] INFO:colcon.colcon_core.plugin_system:Skipping extension 'colcon_core.shell.bat': Not used on non-Windows systems
[2.166s] DEBUG:colcon.colcon_core.shell:Skip shell extension 'dsv' for command environment
[2.334s] DEBUG:colcon.colcon_core.event_handler.log_command:Invoking command in '/home/pi/ros2_ws/src/build/motor_communication': AMENT_PREFIX_PATH=/home/pi/ros2_ws/src/install/custom_interfaces:${AMENT_PREFIX_PATH} CMAKE_PREFIX_PATH=/home/pi/ros2_ws/src/install/custom_interfaces:/home/pi/ros2_ws/install/test:/home/pi/ros2_ws/install/my_control_interface_package:/home/pi/ros2_ws/install/motor_communication:/home/pi/ros2_ws/install/custom_interfaces:/home/pi/ros2_ws/install/control_interface_package:/home/pi/ros2_iron/install/rosbag2:/home/pi/ros2_iron/install/rosbag2_storage_default_plugins:/home/pi/ros2_iron/install/rosbag2_storage_mcap:/home/pi/ros2_iron/install/rosbag2_compression_zstd:/home/pi/ros2_iron/install/mcap_vendor:/home/pi/ros2_iron/install/zstd_vendor:/home/pi/ros2_iron/install/rviz_visual_testing_framework:/home/pi/ros2_iron/install/rviz2:/home/pi/ros2_iron/install/rviz_default_plugins:/home/pi/ros2_iron/install/rviz_common:/home/pi/ros2_iron/install/rosbag2_py:/home/pi/ros2_iron/install/rosbag2_transport:/home/pi/ros2_iron/install/rosbag2_storage_sqlite3:/home/pi/ros2_iron/install/rosbag2_examples_cpp:/home/pi/ros2_iron/install/rosbag2_compression:/home/pi/ros2_iron/install/rosbag2_cpp:/home/pi/ros2_iron/install/rosbag2_storage:/home/pi/ros2_iron/install/image_common:/home/pi/ros2_iron/install/camera_info_manager:/home/pi/ros2_iron/install/camera_calibration_parsers:/home/pi/ros2_iron/install/yaml_cpp_vendor:/home/pi/ros2_iron/install/interactive_markers:/home/pi/ros2_iron/install/common_interfaces:/home/pi/ros2_iron/install/visualization_msgs:/home/pi/ros2_iron/install/dummy_robot_bringup:/home/pi/ros2_iron/install/robot_state_publisher:/home/pi/ros2_iron/install/kdl_parser:/home/pi/ros2_iron/install/urdf:/home/pi/ros2_iron/install/urdfdom:/home/pi/ros2_iron/install/urdf_parser_plugin:/home/pi/ros2_iron/install/urdfdom_headers:/home/pi/ros2_iron/install/turtlesim:/home/pi/ros2_iron/install/trajectory_msgs:/home/pi/ros2_iron/install/topic_statistics_demo:/home/pi/ros2_iron/install/pendulum_control:/home/pi/ros2_iron/install/tlsf_cpp:/home/pi/ros2_iron/install/geometry2:/home/pi/ros2_iron/install/tf2_sensor_msgs:/home/pi/ros2_iron/install/test_tf2:/home/pi/ros2_iron/install/tf2_kdl:/home/pi/ros2_iron/install/tf2_geometry_msgs:/home/pi/ros2_iron/install/tf2_eigen:/home/pi/ros2_iron/install/tf2_bullet:/home/pi/ros2_iron/install/tf2_ros:/home/pi/ros2_iron/install/tf2_py:/home/pi/ros2_iron/install/tf2_msgs:/home/pi/ros2_iron/install/tf2_eigen_kdl:/home/pi/ros2_iron/install/laser_geometry:/home/pi/ros2_iron/install/tf2:/home/pi/ros2_iron/install/test_tracetools:/home/pi/ros2_iron/install/test_msgs:/home/pi/ros2_iron/install/test_communication:/home/pi/ros2_iron/install/stereo_msgs:/home/pi/ros2_iron/install/std_srvs:/home/pi/ros2_iron/install/shape_msgs:/home/pi/ros2_iron/install/quality_of_service_demo_cpp:/home/pi/ros2_iron/install/map_msgs:/home/pi/ros2_iron/install/intra_process_demo:/home/pi/ros2_iron/install/image_transport:/home/pi/ros2_iron/install/image_tools:/home/pi/ros2_iron/install/dummy_sensors:/home/pi/ros2_iron/install/sensor_msgs:/home/pi/ros2_iron/install/ros2cli_common_extensions:/home/pi/ros2_iron/install/dummy_map_server:/home/pi/ros2_iron/install/nav_msgs:/home/pi/ros2_iron/install/logging_demo:/home/pi/ros2_iron/install/lifecycle:/home/pi/ros2_iron/install/diagnostic_msgs:/home/pi/ros2_iron/install/geometry_msgs:/home/pi/ros2_iron/install/examples_rclcpp_wait_set:/home/pi/ros2_iron/install/examples_rclcpp_multithreaded_executor:/home/pi/ros2_iron/install/examples_rclcpp_minimal_subscriber:/home/pi/ros2_iron/install/examples_rclcpp_minimal_publisher:/home/pi/ros2_iron/install/examples_rclcpp_minimal_composition:/home/pi/ros2_iron/install/examples_rclcpp_cbg_executor:/home/pi/ros2_iron/install/demo_nodes_cpp_native:/home/pi/ros2_iron/install/demo_nodes_cpp:/home/pi/ros2_iron/install/composition:/home/pi/ros2_iron/install/actionlib_msgs:/home/pi/ros2_iron/install/std_msgs:/home/pi/ros2_iron/install/rqt_gui_cpp:/home/pi/ros2_iron/install/rosbag2_test_common:/home/pi/ros2_iron/install/ros2lifecycle_test_fixtures:/home/pi/ros2_iron/install/rclcpp_lifecycle:/home/pi/ros2_iron/install/action_tutorials_cpp:/home/pi/ros2_iron/install/rclcpp_components:/home/pi/ros2_iron/install/examples_rclcpp_minimal_action_server:/home/pi/ros2_iron/install/examples_rclcpp_minimal_action_client:/home/pi/ros2_iron/install/rclcpp_action:/home/pi/ros2_iron/install/message_filters:/home/pi/ros2_iron/install/examples_rclcpp_minimal_timer:/home/pi/ros2_iron/install/examples_rclcpp_minimal_service:/home/pi/ros2_iron/install/examples_rclcpp_minimal_client:/home/pi/ros2_iron/install/examples_rclcpp_async_client:/home/pi/ros2_iron/install/rclcpp:/home/pi/ros2_iron/install/libstatistics_collector:/home/pi/ros2_iron/install/statistics_msgs:/home/pi/ros2_iron/install/sros2_cmake:/home/pi/ros2_iron/install/rqt_py_common:/home/pi/ros2_iron/install/ros_testing:/home/pi/ros2_iron/install/rclpy:/home/pi/ros2_iron/install/rosgraph_msgs:/home/pi/ros2_iron/install/rosbag2_interfaces:/home/pi/ros2_iron/install/ros2cli_test_interfaces:/home/pi/ros2_iron/install/rcl_lifecycle:/home/pi/ros2_iron/install/rcl_action:/home/pi/ros2_iron/install/rcl:/home/pi/ros2_iron/install/rmw_implementation:/home/pi/ros2_iron/install/rmw_fastrtps_dynamic_cpp:/home/pi/ros2_iron/install/rmw_fastrtps_cpp:/home/pi/ros2_iron/install/rmw_fastrtps_shared_cpp:/home/pi/ros2_iron/install/rmw_cyclonedds_cpp:/home/pi/ros2_iron/install/rmw_connextddsmicro:/home/pi/ros2_iron/install/rmw_connextdds:/home/pi/ros2_iron/install/rmw_connextdds_common:/home/pi/ros2_iron/install/rmw_dds_common:/home/pi/ros2_iron/install/composition_interfaces:/home/pi/ros2_iron/install/rcl_interfaces:/home/pi/ros2_iron/install/pendulum_msgs:/home/pi/ros2_iron/install/lifecycle_msgs:/home/pi/ros2_iron/install/example_interfaces:/home/pi/ros2_iron/install/action_tutorials_interfaces:/home/pi/ros2_iron/install/rosidl_default_runtime:/home/pi/ros2_iron/install/rosidl_default_generators:/home/pi/ros2_iron/install/action_msgs:/home/pi/ros2_iron/install/unique_identifier_msgs:/home/pi/ros2_iron/install/ament_lint_common:/home/pi/ros2_iron/install/ament_cmake_uncrustify:/home/pi/ros2_iron/install/uncrustify_vendor:/home/pi/ros2_iron/install/type_description_interfaces:/home/pi/ros2_iron/install/tracetools:/home/pi/ros2_iron/install/tlsf:/home/pi/ros2_iron/install/tinyxml_vendor:/home/pi/ros2_iron/install/qt_gui_core:/home/pi/ros2_iron/install/qt_gui_cpp:/home/pi/ros2_iron/install/pluginlib:/home/pi/ros2_iron/install/tinyxml2_vendor:/home/pi/ros2_iron/install/test_security:/home/pi/ros2_iron/install/test_rmw_implementation:/home/pi/ros2_iron/install/test_rclcpp:/home/pi/ros2_iron/install/test_quality_of_service:/home/pi/ros2_iron/install/test_launch_testing:/home/pi/ros2_iron/install/test_interface_files:/home/pi/ros2_iron/install/test_cli_remapping:/home/pi/ros2_iron/install/test_cli:/home/pi/ros2_iron/install/qt_gui_app:/home/pi/ros2_iron/install/qt_gui:/home/pi/ros2_iron/install/tango_icons_vendor:/home/pi/ros2_iron/install/sqlite3_vendor:/home/pi/ros2_iron/install/rcl_logging_spdlog:/home/pi/ros2_iron/install/spdlog_vendor:/home/pi/ros2_iron/install/shared_queues_vendor:/home/pi/ros2_iron/install/service_msgs:/home/pi/ros2_iron/install/rviz_rendering_tests:/home/pi/ros2_iron/install/rviz_rendering:/home/pi/ros2_iron/install/rviz_ogre_vendor:/home/pi/ros2_iron/install/rviz_assimp_vendor:/home/pi/ros2_iron/install/rttest:/home/pi/ros2_iron/install/rti_connext_dds_cmake_module:/home/pi/ros2_iron/install/builtin_interfaces:/home/pi/ros2_iron/install/rosidl_core_runtime:/home/pi/ros2_iron/install/rosidl_core_generators:/home/pi/ros2_iron/install/rosidl_generator_py:/home/pi/ros2_iron/install/rosidl_typesupport_tests:/home/pi/ros2_iron/install/rosidl_typesupport_introspection_tests:/home/pi/ros2_iron/install/rosidl_typesupport_cpp:/home/pi/ros2_iron/install/rosidl_typesupport_introspection_cpp:/home/pi/ros2_iron/install/rosidl_typesupport_c:/home/pi/ros2_iron/install/rosidl_typesupport_introspection_c:/home/pi/ros2_iron/install/rosidl_typesupport_fastrtps_c:/home/pi/ros2_iron/install/rosidl_typesupport_fastrtps_cpp:/home/pi/ros2_iron/install/rosidl_generator_cpp:/home/pi/ros2_iron/install/rosidl_runtime_cpp:/home/pi/ros2_iron/install/rosidl_dynamic_typesupport_fastrtps:/home/pi/ros2_iron/install/rcl_yaml_param_parser:/home/pi/ros2_iron/install/rmw:/home/pi/ros2_iron/install/rosidl_dynamic_typesupport:/home/pi/ros2_iron/install/rosidl_runtime_c:/home/pi/ros2_iron/install/rosidl_generator_c:/home/pi/ros2_iron/install/rosidl_typesupport_interface:/home/pi/ros2_iron/install/rosidl_generator_dds_idl:/home/pi/ros2_iron/install/rosidl_cmake:/home/pi/ros2_iron/install/rosidl_generator_type_description:/home/pi/ros2_iron/install/rosidl_parser:/home/pi/ros2_iron/install/rosidl_generator_tests:/home/pi/ros2_iron/install/rosidl_adapter:/home/pi/ros2_iron/install/rosbag2_tests:/home/pi/ros2_iron/install/rosbag2_test_msgdefs:/home/pi/ros2_iron/install/ros_environment:/home/pi/ros2_iron/install/rmw_implementation_cmake:/home/pi/ros2_iron/install/resource_retriever:/home/pi/ros2_iron/install/class_loader:/home/pi/ros2_iron/install/rcpputils:/home/pi/ros2_iron/install/rcl_logging_noop:/home/pi/ros2_iron/install/rcl_logging_interface:/home/pi/ros2_iron/install/rcutils:/home/pi/ros2_iron/install/qt_gui_py_common:/home/pi/ros2_iron/install/qt_dotgraph:/home/pi/ros2_iron/install/python_qt_binding:/home/pi/ros2_iron/install/python_orocos_kdl_vendor:/home/pi/ros2_iron/install/launch_testing_ament_cmake:/home/pi/ros2_iron/install/python_cmake_module:/home/pi/ros2_iron/install/pybind11_vendor:/home/pi/ros2_iron/install/performance_test_fixture:/home/pi/ros2_iron/install/osrf_testing_tools_cpp:/home/pi/ros2_iron/install/orocos_kdl_vendor:/home/pi/ros2_iron/install/mimick_vendor:/home/pi/ros2_iron/install/libyaml_vendor:/home/pi/ros2_iron/install/libcurl_vendor:/home/pi/ros2_iron/install/keyboard_handler:/home/pi/ros2_iron/install/iceoryx_introspection:/home/pi/ros2_iron/install/cyclonedds:/home/pi/ros2_iron/install/iceoryx_posh:/home/pi/ros2_iron/install/iceoryx_hoofs:/home/pi/ros2_iron/install/iceoryx_binding_c:/home/pi/ros2_iron/install/ament_cmake_ros:/home/pi/ros2_iron/install/ament_cmake_gmock:/home/pi/ros2_iron/install/gmock_vendor:/home/pi/ros2_iron/install/ament_cmake_auto:/home/pi/ros2_iron/install/ament_cmake_gtest:/home/pi/ros2_iron/install/gtest_vendor:/home/pi/ros2_iron/install/ament_cmake_google_benchmark:/home/pi/ros2_iron/install/google_benchmark_vendor:/home/pi/ros2_iron/install/fastrtps:/home/pi/ros2_iron/install/foonathan_memory_vendor:/home/pi/ros2_iron/install/fastrtps_cmake_module:/home/pi/ros2_iron/install/fastcdr:/home/pi/ros2_iron/install/eigen3_cmake_module:/home/pi/ros2_iron/install/console_bridge_vendor:/home/pi/ros2_iron/install/ament_cmake_xmllint:/home/pi/ros2_iron/install/ament_cmake_pyflakes:/home/pi/ros2_iron/install/ament_cmake_pycodestyle:/home/pi/ros2_iron/install/ament_cmake_pep257:/home/pi/ros2_iron/install/ament_cmake_pclint:/home/pi/ros2_iron/install/ament_lint_auto:/home/pi/ros2_iron/install/ament_cmake:/home/pi/ros2_iron/install/ament_cmake_version:/home/pi/ros2_iron/install/ament_cmake_vendor_package:/home/pi/ros2_iron/install/ament_cmake_pytest:/home/pi/ros2_iron/install/ament_cmake_mypy:/home/pi/ros2_iron/install/ament_cmake_lint_cmake:/home/pi/ros2_iron/install/ament_cmake_flake8:/home/pi/ros2_iron/install/ament_cmake_cpplint:/home/pi/ros2_iron/install/ament_cmake_cppcheck:/home/pi/ros2_iron/install/ament_cmake_copyright:/home/pi/ros2_iron/install/ament_cmake_clang_tidy:/home/pi/ros2_iron/install/ament_cmake_clang_format:/home/pi/ros2_iron/install/ament_cmake_test:/home/pi/ros2_iron/install/ament_cmake_target_dependencies:/home/pi/ros2_iron/install/ament_cmake_python:/home/pi/ros2_iron/install/ament_cmake_export_dependencies:/home/pi/ros2_iron/install/ament_cmake_libraries:/home/pi/ros2_iron/install/ament_cmake_include_directories:/home/pi/ros2_iron/install/ament_cmake_gen_version_h:/home/pi/ros2_iron/install/ament_cmake_export_targets:/home/pi/ros2_iron/install/ament_cmake_export_link_flags:/home/pi/ros2_iron/install/ament_cmake_export_interfaces:/home/pi/ros2_iron/install/ament_cmake_export_libraries:/home/pi/ros2_iron/install/ament_cmake_export_include_directories:/home/pi/ros2_iron/install/ament_cmake_export_definitions:/home/pi/ros2_iron/install/ament_cmake_core:/home/pi/ros2_iron/install/ament_index_cpp:/home/pi/ros2_ws/install/testing_interface:/home/pi/ros2_ws/install/primitive:/home/pi/ros2_iron/install/rqt_bag_plugins:/home/pi/ros2_iron/install/rqt_bag:/home/pi/ros2_iron/install/rosbag2_examples_py:/home/pi/ros2_iron/install/launch_testing_examples:/home/pi/ros2_iron/install/ros2bag:/home/pi/ros2_iron/install/tracetools_test:/home/pi/ros2_iron/install/tracetools_launch:/home/pi/ros2_iron/install/topic_monitor:/home/pi/ros2_iron/install/tf2_tools:/home/pi/ros2_iron/install/examples_tf2_py:/home/pi/ros2_iron/install/tf2_ros_py:/home/pi/ros2_iron/install/examples_rclpy_pointcloud_publisher:/home/pi/ros2_iron/install/sensor_msgs_py:/home/pi/ros2_iron/install/quality_of_service_demo_py:/home/pi/ros2_iron/install/rqt_plot:/home/pi/ros2_iron/install/ros2doctor:/home/pi/ros2_iron/install/lifecycle_py:/home/pi/ros2_iron/install/examples_rclpy_minimal_subscriber:/home/pi/ros2_iron/install/examples_rclpy_minimal_service:/home/pi/ros2_iron/install/examples_rclpy_minimal_publisher:/home/pi/ros2_iron/install/examples_rclpy_minimal_client:/home/pi/ros2_iron/install/examples_rclpy_executors:/home/pi/ros2_iron/install/demo_nodes_py:/home/pi/ros2_iron/install/rqt:/home/pi/ros2_iron/install/ros2component:/home/pi/ros2_iron/install/sros2:/home/pi/ros2_iron/install/rqt_topic:/home/pi/ros2_iron/install/rqt_srv:/home/pi/ros2_iron/install/rqt_shell:/home/pi/ros2_iron/install/rqt_service_caller:/home/pi/ros2_iron/install/rqt_reconfigure:/home/pi/ros2_iron/install/rqt_py_console:/home/pi/ros2_iron/install/rqt_publisher:/home/pi/ros2_iron/install/rqt_action:/home/pi/ros2_iron/install/rqt_msg:/home/pi/ros2_iron/install/rqt_console:/home/pi/ros2_iron/install/rqt_graph:/home/pi/ros2_iron/install/rqt_gui_py:/home/pi/ros2_iron/install/rqt_gui:/home/pi/ros2_iron/install/ros2trace:/home/pi/ros2_iron/install/ros2topic:/home/pi/ros2_iron/install/ros2test:/home/pi/ros2_iron/install/ros2param:/home/pi/ros2_iron/install/ros2lifecycle:/home/pi/ros2_iron/install/ros2service:/home/pi/ros2_iron/install/ros2run:/home/pi/ros2_iron/install/ros2launch:/home/pi/ros2_iron/install/ros2pkg:/home/pi/ros2_iron/install/ros2node:/home/pi/ros2_iron/install/ros2multicast:/home/pi/ros2_iron/install/ros2interface:/home/pi/ros2_iron/install/ros2action:/home/pi/ros2_iron/install/ros2cli:/home/pi/ros2_iron/install/launch_testing_ros:/home/pi/ros2_iron/install/launch_ros:/home/pi/ros2_iron/install/examples_rclpy_minimal_action_server:/home/pi/ros2_iron/install/examples_rclpy_minimal_action_client:/home/pi/ros2_iron/install/examples_rclpy_guard_conditions:/home/pi/ros2_iron/install/action_tutorials_py:/home/pi/ros2_iron/install/ament_uncrustify:/home/pi/ros2_iron/install/tracetools_trace:/home/pi/ros2_iron/install/tracetools_read:/home/pi/ros2_iron/install/test_tracetools_launch:/home/pi/ros2_iron/install/test_ros2trace:/home/pi/ros2_iron/install/test_launch_ros:/home/pi/ros2_iron/install/rpyutils:/home/pi/ros2_iron/install/rosidl_runtime_py:/home/pi/ros2_iron/install/rosidl_pycommon:/home/pi/ros2_iron/install/rosidl_cli:/home/pi/ros2_iron/install/launch_pytest:/home/pi/ros2_iron/install/launch_testing:/home/pi/ros2_iron/install/launch_yaml:/home/pi/ros2_iron/install/launch_xml:/home/pi/ros2_iron/install/launch:/home/pi/ros2_iron/install/osrf_pycommon:/home/pi/ros2_iron/install/domain_coordinator:/home/pi/ros2_iron/install/ament_xmllint:/home/pi/ros2_iron/install/ament_pyflakes:/home/pi/ros2_iron/install/ament_pycodestyle:/home/pi/ros2_iron/install/ament_pep257:/home/pi/ros2_iron/install/ament_pclint:/home/pi/ros2_iron/install/ament_package:/home/pi/ros2_iron/install/ament_mypy:/home/pi/ros2_iron/install/ament_lint_cmake:/home/pi/ros2_iron/install/ament_flake8:/home/pi/ros2_iron/install/ament_copyright:/home/pi/ros2_iron/install/ament_lint:/home/pi/ros2_iron/install/ament_index_python:/home/pi/ros2_iron/install/ament_cpplint:/home/pi/ros2_iron/install/ament_cppcheck:/home/pi/ros2_iron/install/ament_clang_tidy:/home/pi/ros2_iron/install/ament_clang_format /usr/bin/cmake /home/pi/ros2_ws/src/motor_communication -DCMAKE_INSTALL_PREFIX=/home/pi/ros2_ws/src/install/motor_communication
[18.379s] DEBUG:colcon.colcon_core.event_handler.log_command:Invoked command in '/home/pi/ros2_ws/src/build/motor_communication' returned '1': AMENT_PREFIX_PATH=/home/pi/ros2_ws/src/install/custom_interfaces:${AMENT_PREFIX_PATH} CMAKE_PREFIX_PATH=/home/pi/ros2_ws/src/install/custom_interfaces:/home/pi/ros2_ws/install/test:/home/pi/ros2_ws/install/my_control_interface_package:/home/pi/ros2_ws/install/motor_communication:/home/pi/ros2_ws/install/custom_interfaces:/home/pi/ros2_ws/install/control_interface_package:/home/pi/ros2_iron/install/rosbag2:/home/pi/ros2_iron/install/rosbag2_storage_default_plugins:/home/pi/ros2_iron/install/rosbag2_storage_mcap:/home/pi/ros2_iron/install/rosbag2_compression_zstd:/home/pi/ros2_iron/install/mcap_vendor:/home/pi/ros2_iron/install/zstd_vendor:/home/pi/ros2_iron/install/rviz_visual_testing_framework:/home/pi/ros2_iron/install/rviz2:/home/pi/ros2_iron/install/rviz_default_plugins:/home/pi/ros2_iron/install/rviz_common:/home/pi/ros2_iron/install/rosbag2_py:/home/pi/ros2_iron/install/rosbag2_transport:/home/pi/ros2_iron/install/rosbag2_storage_sqlite3:/home/pi/ros2_iron/install/rosbag2_examples_cpp:/home/pi/ros2_iron/install/rosbag2_compression:/home/pi/ros2_iron/install/rosbag2_cpp:/home/pi/ros2_iron/install/rosbag2_storage:/home/pi/ros2_iron/install/image_common:/home/pi/ros2_iron/install/camera_info_manager:/home/pi/ros2_iron/install/camera_calibration_parsers:/home/pi/ros2_iron/install/yaml_cpp_vendor:/home/pi/ros2_iron/install/interactive_markers:/home/pi/ros2_iron/install/common_interfaces:/home/pi/ros2_iron/install/visualization_msgs:/home/pi/ros2_iron/install/dummy_robot_bringup:/home/pi/ros2_iron/install/robot_state_publisher:/home/pi/ros2_iron/install/kdl_parser:/home/pi/ros2_iron/install/urdf:/home/pi/ros2_iron/install/urdfdom:/home/pi/ros2_iron/install/urdf_parser_plugin:/home/pi/ros2_iron/install/urdfdom_headers:/home/pi/ros2_iron/install/turtlesim:/home/pi/ros2_iron/install/trajectory_msgs:/home/pi/ros2_iron/install/topic_statistics_demo:/home/pi/ros2_iron/install/pendulum_control:/home/pi/ros2_iron/install/tlsf_cpp:/home/pi/ros2_iron/install/geometry2:/home/pi/ros2_iron/install/tf2_sensor_msgs:/home/pi/ros2_iron/install/test_tf2:/home/pi/ros2_iron/install/tf2_kdl:/home/pi/ros2_iron/install/tf2_geometry_msgs:/home/pi/ros2_iron/install/tf2_eigen:/home/pi/ros2_iron/install/tf2_bullet:/home/pi/ros2_iron/install/tf2_ros:/home/pi/ros2_iron/install/tf2_py:/home/pi/ros2_iron/install/tf2_msgs:/home/pi/ros2_iron/install/tf2_eigen_kdl:/home/pi/ros2_iron/install/laser_geometry:/home/pi/ros2_iron/install/tf2:/home/pi/ros2_iron/install/test_tracetools:/home/pi/ros2_iron/install/test_msgs:/home/pi/ros2_iron/install/test_communication:/home/pi/ros2_iron/install/stereo_msgs:/home/pi/ros2_iron/install/std_srvs:/home/pi/ros2_iron/install/shape_msgs:/home/pi/ros2_iron/install/quality_of_service_demo_cpp:/home/pi/ros2_iron/install/map_msgs:/home/pi/ros2_iron/install/intra_process_demo:/home/pi/ros2_iron/install/image_transport:/home/pi/ros2_iron/install/image_tools:/home/pi/ros2_iron/install/dummy_sensors:/home/pi/ros2_iron/install/sensor_msgs:/home/pi/ros2_iron/install/ros2cli_common_extensions:/home/pi/ros2_iron/install/dummy_map_server:/home/pi/ros2_iron/install/nav_msgs:/home/pi/ros2_iron/install/logging_demo:/home/pi/ros2_iron/install/lifecycle:/home/pi/ros2_iron/install/diagnostic_msgs:/home/pi/ros2_iron/install/geometry_msgs:/home/pi/ros2_iron/install/examples_rclcpp_wait_set:/home/pi/ros2_iron/install/examples_rclcpp_multithreaded_executor:/home/pi/ros2_iron/install/examples_rclcpp_minimal_subscriber:/home/pi/ros2_iron/install/examples_rclcpp_minimal_publisher:/home/pi/ros2_iron/install/examples_rclcpp_minimal_composition:/home/pi/ros2_iron/install/examples_rclcpp_cbg_executor:/home/pi/ros2_iron/install/demo_nodes_cpp_native:/home/pi/ros2_iron/install/demo_nodes_cpp:/home/pi/ros2_iron/install/composition:/home/pi/ros2_iron/install/actionlib_msgs:/home/pi/ros2_iron/install/std_msgs:/home/pi/ros2_iron/install/rqt_gui_cpp:/home/pi/ros2_iron/install/rosbag2_test_common:/home/pi/ros2_iron/install/ros2lifecycle_test_fixtures:/home/pi/ros2_iron/install/rclcpp_lifecycle:/home/pi/ros2_iron/install/action_tutorials_cpp:/home/pi/ros2_iron/install/rclcpp_components:/home/pi/ros2_iron/install/examples_rclcpp_minimal_action_server:/home/pi/ros2_iron/install/examples_rclcpp_minimal_action_client:/home/pi/ros2_iron/install/rclcpp_action:/home/pi/ros2_iron/install/message_filters:/home/pi/ros2_iron/install/examples_rclcpp_minimal_timer:/home/pi/ros2_iron/install/examples_rclcpp_minimal_service:/home/pi/ros2_iron/install/examples_rclcpp_minimal_client:/home/pi/ros2_iron/install/examples_rclcpp_async_client:/home/pi/ros2_iron/install/rclcpp:/home/pi/ros2_iron/install/libstatistics_collector:/home/pi/ros2_iron/install/statistics_msgs:/home/pi/ros2_iron/install/sros2_cmake:/home/pi/ros2_iron/install/rqt_py_common:/home/pi/ros2_iron/install/ros_testing:/home/pi/ros2_iron/install/rclpy:/home/pi/ros2_iron/install/rosgraph_msgs:/home/pi/ros2_iron/install/rosbag2_interfaces:/home/pi/ros2_iron/install/ros2cli_test_interfaces:/home/pi/ros2_iron/install/rcl_lifecycle:/home/pi/ros2_iron/install/rcl_action:/home/pi/ros2_iron/install/rcl:/home/pi/ros2_iron/install/rmw_implementation:/home/pi/ros2_iron/install/rmw_fastrtps_dynamic_cpp:/home/pi/ros2_iron/install/rmw_fastrtps_cpp:/home/pi/ros2_iron/install/rmw_fastrtps_shared_cpp:/home/pi/ros2_iron/install/rmw_cyclonedds_cpp:/home/pi/ros2_iron/install/rmw_connextddsmicro:/home/pi/ros2_iron/install/rmw_connextdds:/home/pi/ros2_iron/install/rmw_connextdds_common:/home/pi/ros2_iron/install/rmw_dds_common:/home/pi/ros2_iron/install/composition_interfaces:/home/pi/ros2_iron/install/rcl_interfaces:/home/pi/ros2_iron/install/pendulum_msgs:/home/pi/ros2_iron/install/lifecycle_msgs:/home/pi/ros2_iron/install/example_interfaces:/home/pi/ros2_iron/install/action_tutorials_interfaces:/home/pi/ros2_iron/install/rosidl_default_runtime:/home/pi/ros2_iron/install/rosidl_default_generators:/home/pi/ros2_iron/install/action_msgs:/home/pi/ros2_iron/install/unique_identifier_msgs:/home/pi/ros2_iron/install/ament_lint_common:/home/pi/ros2_iron/install/ament_cmake_uncrustify:/home/pi/ros2_iron/install/uncrustify_vendor:/home/pi/ros2_iron/install/type_description_interfaces:/home/pi/ros2_iron/install/tracetools:/home/pi/ros2_iron/install/tlsf:/home/pi/ros2_iron/install/tinyxml_vendor:/home/pi/ros2_iron/install/qt_gui_core:/home/pi/ros2_iron/install/qt_gui_cpp:/home/pi/ros2_iron/install/pluginlib:/home/pi/ros2_iron/install/tinyxml2_vendor:/home/pi/ros2_iron/install/test_security:/home/pi/ros2_iron/install/test_rmw_implementation:/home/pi/ros2_iron/install/test_rclcpp:/home/pi/ros2_iron/install/test_quality_of_service:/home/pi/ros2_iron/install/test_launch_testing:/home/pi/ros2_iron/install/test_interface_files:/home/pi/ros2_iron/install/test_cli_remapping:/home/pi/ros2_iron/install/test_cli:/home/pi/ros2_iron/install/qt_gui_app:/home/pi/ros2_iron/install/qt_gui:/home/pi/ros2_iron/install/tango_icons_vendor:/home/pi/ros2_iron/install/sqlite3_vendor:/home/pi/ros2_iron/install/rcl_logging_spdlog:/home/pi/ros2_iron/install/spdlog_vendor:/home/pi/ros2_iron/install/shared_queues_vendor:/home/pi/ros2_iron/install/service_msgs:/home/pi/ros2_iron/install/rviz_rendering_tests:/home/pi/ros2_iron/install/rviz_rendering:/home/pi/ros2_iron/install/rviz_ogre_vendor:/home/pi/ros2_iron/install/rviz_assimp_vendor:/home/pi/ros2_iron/install/rttest:/home/pi/ros2_iron/install/rti_connext_dds_cmake_module:/home/pi/ros2_iron/install/builtin_interfaces:/home/pi/ros2_iron/install/rosidl_core_runtime:/home/pi/ros2_iron/install/rosidl_core_generators:/home/pi/ros2_iron/install/rosidl_generator_py:/home/pi/ros2_iron/install/rosidl_typesupport_tests:/home/pi/ros2_iron/install/rosidl_typesupport_introspection_tests:/home/pi/ros2_iron/install/rosidl_typesupport_cpp:/home/pi/ros2_iron/install/rosidl_typesupport_introspection_cpp:/home/pi/ros2_iron/install/rosidl_typesupport_c:/home/pi/ros2_iron/install/rosidl_typesupport_introspection_c:/home/pi/ros2_iron/install/rosidl_typesupport_fastrtps_c:/home/pi/ros2_iron/install/rosidl_typesupport_fastrtps_cpp:/home/pi/ros2_iron/install/rosidl_generator_cpp:/home/pi/ros2_iron/install/rosidl_runtime_cpp:/home/pi/ros2_iron/install/rosidl_dynamic_typesupport_fastrtps:/home/pi/ros2_iron/install/rcl_yaml_param_parser:/home/pi/ros2_iron/install/rmw:/home/pi/ros2_iron/install/rosidl_dynamic_typesupport:/home/pi/ros2_iron/install/rosidl_runtime_c:/home/pi/ros2_iron/install/rosidl_generator_c:/home/pi/ros2_iron/install/rosidl_typesupport_interface:/home/pi/ros2_iron/install/rosidl_generator_dds_idl:/home/pi/ros2_iron/install/rosidl_cmake:/home/pi/ros2_iron/install/rosidl_generator_type_description:/home/pi/ros2_iron/install/rosidl_parser:/home/pi/ros2_iron/install/rosidl_generator_tests:/home/pi/ros2_iron/install/rosidl_adapter:/home/pi/ros2_iron/install/rosbag2_tests:/home/pi/ros2_iron/install/rosbag2_test_msgdefs:/home/pi/ros2_iron/install/ros_environment:/home/pi/ros2_iron/install/rmw_implementation_cmake:/home/pi/ros2_iron/install/resource_retriever:/home/pi/ros2_iron/install/class_loader:/home/pi/ros2_iron/install/rcpputils:/home/pi/ros2_iron/install/rcl_logging_noop:/home/pi/ros2_iron/install/rcl_logging_interface:/home/pi/ros2_iron/install/rcutils:/home/pi/ros2_iron/install/qt_gui_py_common:/home/pi/ros2_iron/install/qt_dotgraph:/home/pi/ros2_iron/install/python_qt_binding:/home/pi/ros2_iron/install/python_orocos_kdl_vendor:/home/pi/ros2_iron/install/launch_testing_ament_cmake:/home/pi/ros2_iron/install/python_cmake_module:/home/pi/ros2_iron/install/pybind11_vendor:/home/pi/ros2_iron/install/performance_test_fixture:/home/pi/ros2_iron/install/osrf_testing_tools_cpp:/home/pi/ros2_iron/install/orocos_kdl_vendor:/home/pi/ros2_iron/install/mimick_vendor:/home/pi/ros2_iron/install/libyaml_vendor:/home/pi/ros2_iron/install/libcurl_vendor:/home/pi/ros2_iron/install/keyboard_handler:/home/pi/ros2_iron/install/iceoryx_introspection:/home/pi/ros2_iron/install/cyclonedds:/home/pi/ros2_iron/install/iceoryx_posh:/home/pi/ros2_iron/install/iceoryx_hoofs:/home/pi/ros2_iron/install/iceoryx_binding_c:/home/pi/ros2_iron/install/ament_cmake_ros:/home/pi/ros2_iron/install/ament_cmake_gmock:/home/pi/ros2_iron/install/gmock_vendor:/home/pi/ros2_iron/install/ament_cmake_auto:/home/pi/ros2_iron/install/ament_cmake_gtest:/home/pi/ros2_iron/install/gtest_vendor:/home/pi/ros2_iron/install/ament_cmake_google_benchmark:/home/pi/ros2_iron/install/google_benchmark_vendor:/home/pi/ros2_iron/install/fastrtps:/home/pi/ros2_iron/install/foonathan_memory_vendor:/home/pi/ros2_iron/install/fastrtps_cmake_module:/home/pi/ros2_iron/install/fastcdr:/home/pi/ros2_iron/install/eigen3_cmake_module:/home/pi/ros2_iron/install/console_bridge_vendor:/home/pi/ros2_iron/install/ament_cmake_xmllint:/home/pi/ros2_iron/install/ament_cmake_pyflakes:/home/pi/ros2_iron/install/ament_cmake_pycodestyle:/home/pi/ros2_iron/install/ament_cmake_pep257:/home/pi/ros2_iron/install/ament_cmake_pclint:/home/pi/ros2_iron/install/ament_lint_auto:/home/pi/ros2_iron/install/ament_cmake:/home/pi/ros2_iron/install/ament_cmake_version:/home/pi/ros2_iron/install/ament_cmake_vendor_package:/home/pi/ros2_iron/install/ament_cmake_pytest:/home/pi/ros2_iron/install/ament_cmake_mypy:/home/pi/ros2_iron/install/ament_cmake_lint_cmake:/home/pi/ros2_iron/install/ament_cmake_flake8:/home/pi/ros2_iron/install/ament_cmake_cpplint:/home/pi/ros2_iron/install/ament_cmake_cppcheck:/home/pi/ros2_iron/install/ament_cmake_copyright:/home/pi/ros2_iron/install/ament_cmake_clang_tidy:/home/pi/ros2_iron/install/ament_cmake_clang_format:/home/pi/ros2_iron/install/ament_cmake_test:/home/pi/ros2_iron/install/ament_cmake_target_dependencies:/home/pi/ros2_iron/install/ament_cmake_python:/home/pi/ros2_iron/install/ament_cmake_export_dependencies:/home/pi/ros2_iron/install/ament_cmake_libraries:/home/pi/ros2_iron/install/ament_cmake_include_directories:/home/pi/ros2_iron/install/ament_cmake_gen_version_h:/home/pi/ros2_iron/install/ament_cmake_export_targets:/home/pi/ros2_iron/install/ament_cmake_export_link_flags:/home/pi/ros2_iron/install/ament_cmake_export_interfaces:/home/pi/ros2_iron/install/ament_cmake_export_libraries:/home/pi/ros2_iron/install/ament_cmake_export_include_directories:/home/pi/ros2_iron/install/ament_cmake_export_definitions:/home/pi/ros2_iron/install/ament_cmake_core:/home/pi/ros2_iron/install/ament_index_cpp:/home/pi/ros2_ws/install/testing_interface:/home/pi/ros2_ws/install/primitive:/home/pi/ros2_iron/install/rqt_bag_plugins:/home/pi/ros2_iron/install/rqt_bag:/home/pi/ros2_iron/install/rosbag2_examples_py:/home/pi/ros2_iron/install/launch_testing_examples:/home/pi/ros2_iron/install/ros2bag:/home/pi/ros2_iron/install/tracetools_test:/home/pi/ros2_iron/install/tracetools_launch:/home/pi/ros2_iron/install/topic_monitor:/home/pi/ros2_iron/install/tf2_tools:/home/pi/ros2_iron/install/examples_tf2_py:/home/pi/ros2_iron/install/tf2_ros_py:/home/pi/ros2_iron/install/examples_rclpy_pointcloud_publisher:/home/pi/ros2_iron/install/sensor_msgs_py:/home/pi/ros2_iron/install/quality_of_service_demo_py:/home/pi/ros2_iron/install/rqt_plot:/home/pi/ros2_iron/install/ros2doctor:/home/pi/ros2_iron/install/lifecycle_py:/home/pi/ros2_iron/install/examples_rclpy_minimal_subscriber:/home/pi/ros2_iron/install/examples_rclpy_minimal_service:/home/pi/ros2_iron/install/examples_rclpy_minimal_publisher:/home/pi/ros2_iron/install/examples_rclpy_minimal_client:/home/pi/ros2_iron/install/examples_rclpy_executors:/home/pi/ros2_iron/install/demo_nodes_py:/home/pi/ros2_iron/install/rqt:/home/pi/ros2_iron/install/ros2component:/home/pi/ros2_iron/install/sros2:/home/pi/ros2_iron/install/rqt_topic:/home/pi/ros2_iron/install/rqt_srv:/home/pi/ros2_iron/install/rqt_shell:/home/pi/ros2_iron/install/rqt_service_caller:/home/pi/ros2_iron/install/rqt_reconfigure:/home/pi/ros2_iron/install/rqt_py_console:/home/pi/ros2_iron/install/rqt_publisher:/home/pi/ros2_iron/install/rqt_action:/home/pi/ros2_iron/install/rqt_msg:/home/pi/ros2_iron/install/rqt_console:/home/pi/ros2_iron/install/rqt_graph:/home/pi/ros2_iron/install/rqt_gui_py:/home/pi/ros2_iron/install/rqt_gui:/home/pi/ros2_iron/install/ros2trace:/home/pi/ros2_iron/install/ros2topic:/home/pi/ros2_iron/install/ros2test:/home/pi/ros2_iron/install/ros2param:/home/pi/ros2_iron/install/ros2lifecycle:/home/pi/ros2_iron/install/ros2service:/home/pi/ros2_iron/install/ros2run:/home/pi/ros2_iron/install/ros2launch:/home/pi/ros2_iron/install/ros2pkg:/home/pi/ros2_iron/install/ros2node:/home/pi/ros2_iron/install/ros2multicast:/home/pi/ros2_iron/install/ros2interface:/home/pi/ros2_iron/install/ros2action:/home/pi/ros2_iron/install/ros2cli:/home/pi/ros2_iron/install/launch_testing_ros:/home/pi/ros2_iron/install/launch_ros:/home/pi/ros2_iron/install/examples_rclpy_minimal_action_server:/home/pi/ros2_iron/install/examples_rclpy_minimal_action_client:/home/pi/ros2_iron/install/examples_rclpy_guard_conditions:/home/pi/ros2_iron/install/action_tutorials_py:/home/pi/ros2_iron/install/ament_uncrustify:/home/pi/ros2_iron/install/tracetools_trace:/home/pi/ros2_iron/install/tracetools_read:/home/pi/ros2_iron/install/test_tracetools_launch:/home/pi/ros2_iron/install/test_ros2trace:/home/pi/ros2_iron/install/test_launch_ros:/home/pi/ros2_iron/install/rpyutils:/home/pi/ros2_iron/install/rosidl_runtime_py:/home/pi/ros2_iron/install/rosidl_pycommon:/home/pi/ros2_iron/install/rosidl_cli:/home/pi/ros2_iron/install/launch_pytest:/home/pi/ros2_iron/install/launch_testing:/home/pi/ros2_iron/install/launch_yaml:/home/pi/ros2_iron/install/launch_xml:/home/pi/ros2_iron/install/launch:/home/pi/ros2_iron/install/osrf_pycommon:/home/pi/ros2_iron/install/domain_coordinator:/home/pi/ros2_iron/install/ament_xmllint:/home/pi/ros2_iron/install/ament_pyflakes:/home/pi/ros2_iron/install/ament_pycodestyle:/home/pi/ros2_iron/install/ament_pep257:/home/pi/ros2_iron/install/ament_pclint:/home/pi/ros2_iron/install/ament_package:/home/pi/ros2_iron/install/ament_mypy:/home/pi/ros2_iron/install/ament_lint_cmake:/home/pi/ros2_iron/install/ament_flake8:/home/pi/ros2_iron/install/ament_copyright:/home/pi/ros2_iron/install/ament_lint:/home/pi/ros2_iron/install/ament_index_python:/home/pi/ros2_iron/install/ament_cpplint:/home/pi/ros2_iron/install/ament_cppcheck:/home/pi/ros2_iron/install/ament_clang_tidy:/home/pi/ros2_iron/install/ament_clang_format /usr/bin/cmake /home/pi/ros2_ws/src/motor_communication -DCMAKE_INSTALL_PREFIX=/home/pi/ros2_ws/src/install/motor_communication
[18.476s] Level 1:colcon.colcon_core.environment:create_environment_scripts_only(motor_communication)
[18.508s] Level 1:colcon.colcon_core.environment:checking '/home/pi/ros2_ws/src/install/motor_communication' for CMake module files
[18.509s] Level 1:colcon.colcon_core.environment:checking '/home/pi/ros2_ws/src/install/motor_communication' for CMake config files
[18.510s] Level 1:colcon.colcon_core.environment:checking '/home/pi/ros2_ws/src/install/motor_communication/bin'
[18.511s] Level 1:colcon.colcon_core.environment:checking '/home/pi/ros2_ws/src/install/motor_communication/lib/pkgconfig/motor_communication.pc'
[18.523s] Level 1:colcon.colcon_core.environment:checking '/home/pi/ros2_ws/src/install/motor_communication/lib/python3.11/site-packages'
[18.524s] Level 1:colcon.colcon_core.environment:checking '/home/pi/ros2_ws/src/install/motor_communication/bin'
[18.526s] INFO:colcon.colcon_core.shell:Creating package descriptor '/home/pi/ros2_ws/src/install/motor_communication/share/motor_communication/package.dsv'
[18.528s] INFO:colcon.colcon_core.shell:Creating package script '/home/pi/ros2_ws/src/install/motor_communication/share/motor_communication/package.sh'
[18.530s] INFO:colcon.colcon_core.shell:Creating package script '/home/pi/ros2_ws/src/install/motor_communication/share/motor_communication/package.bash'
[18.532s] INFO:colcon.colcon_core.shell:Creating package script '/home/pi/ros2_ws/src/install/motor_communication/share/motor_communication/package.zsh'
[18.534s] Level 1:colcon.colcon_core.environment:create_file_with_runtime_dependencies(/home/pi/ros2_ws/src/install/motor_communication/share/colcon-core/packages/motor_communication)
[18.546s] DEBUG:colcon.colcon_parallel_executor.executor.parallel:closing loop
[18.546s] DEBUG:colcon.colcon_parallel_executor.executor.parallel:loop closed
[18.547s] DEBUG:colcon.colcon_parallel_executor.executor.parallel:run_until_complete finished with '1'
[18.547s] DEBUG:colcon.colcon_core.event_reactor:joining thread
[18.609s] INFO:colcon.colcon_core.plugin_system:Skipping extension 'colcon_notification.desktop_notification.notify_send': Could not find 'notify-send'
[18.609s] INFO:colcon.colcon_core.plugin_system:Skipping extension 'colcon_notification.desktop_notification.terminal_notifier': Not used on non-Darwin systems
[18.610s] INFO:colcon.colcon_core.plugin_system:Skipping extension 'colcon_notification.desktop_notification.win32': Not used on non-Windows systems
[18.610s] INFO:colcon.colcon_notification.desktop_notification:Sending desktop notification using 'notify2'
[18.614s] DEBUG:colcon.colcon_notification.desktop_notification.notify2:Failed to initialize notify2: org.freedesktop.DBus.Error.ServiceUnknown: The name org.freedesktop.Notifications was not provided by any .service files
[18.615s] DEBUG:colcon.colcon_core.event_reactor:joined thread
[18.617s] INFO:colcon.colcon_core.shell:Creating prefix script '/home/pi/ros2_ws/src/install/local_setup.sh'
[18.619s] INFO:colcon.colcon_core.shell:Creating prefix util module '/home/pi/ros2_ws/src/install/_local_setup_util_sh.py'
[18.623s] INFO:colcon.colcon_core.shell:Creating prefix chain script '/home/pi/ros2_ws/src/install/setup.sh'
[18.676s] INFO:colcon.colcon_core.shell:Creating prefix script '/home/pi/ros2_ws/src/install/local_setup.bash'
[18.678s] INFO:colcon.colcon_core.shell:Creating prefix chain script '/home/pi/ros2_ws/src/install/setup.bash'
[18.730s] INFO:colcon.colcon_core.shell:Creating prefix script '/home/pi/ros2_ws/src/install/local_setup.zsh'
[18.732s] INFO:colcon.colcon_core.shell:Creating prefix chain script '/home/pi/ros2_ws/src/install/setup.zsh'
