[1.596s] DEBUG:colcon:Command line arguments: ['/usr/bin/colcon', 'build', '--packages-select', 'comm_interface']
[1.596s] DEBUG:colcon:Parsed command line arguments: Namespace(log_base=None, log_level=None, verb_name='build', build_base='build', install_base='install', merge_install=False, symlink_install=False, test_result_base=None, continue_on_error=False, executor='parallel', parallel_workers=4, event_handlers=None, ignore_user_meta=False, metas=['./colcon.meta'], base_paths=['.'], packages_ignore=None, packages_ignore_regex=None, paths=None, packages_up_to=None, packages_up_to_regex=None, packages_above=None, packages_above_and_dependencies=None, packages_above_depth=None, packages_select_by_dep=None, packages_skip_by_dep=None, packages_skip_up_to=None, packages_select_build_failed=False, packages_skip_build_finished=False, packages_select_test_failures=False, packages_skip_test_passed=False, packages_select=['comm_interface'], packages_skip=None, packages_select_regex=None, packages_skip_regex=None, packages_start=None, packages_end=None, cmake_args=None, cmake_target=None, cmake_target_skip_unavailable=False, cmake_clean_cache=False, cmake_clean_first=False, cmake_force_configure=False, ament_cmake_args=None, catkin_cmake_args=None, catkin_skip_building_tests=False, verb_parser=<colcon_defaults.argument_parser.defaults.DefaultArgumentsDecorator object at 0x7f94ac05d0>, verb_extension=<colcon_core.verb.build.BuildVerb object at 0x7f93ef8810>, main=<bound method BuildVerb.main of <colcon_core.verb.build.BuildVerb object at 0x7f93ef8810>>)
[1.855s] Level 1:colcon.colcon_core.package_discovery:discover_packages(colcon_meta) check parameters
[1.855s] Level 1:colcon.colcon_core.package_discovery:discover_packages(recursive) check parameters
[1.855s] Level 1:colcon.colcon_core.package_discovery:discover_packages(ignore) check parameters
[1.856s] Level 1:colcon.colcon_core.package_discovery:discover_packages(path) check parameters
[1.856s] Level 1:colcon.colcon_core.package_discovery:discover_packages(colcon_meta) discover
[1.856s] Level 1:colcon.colcon_core.package_discovery:discover_packages(recursive) discover
[1.856s] INFO:colcon.colcon_core.package_discovery:Crawling recursively for packages in '/home/pi/ros2_ws/src'
[1.856s] Level 1:colcon.colcon_core.package_identification:_identify(.) by extensions ['ignore', 'ignore_ament_install']
[1.857s] Level 1:colcon.colcon_core.package_identification:_identify(.) by extension 'ignore'
[1.857s] Level 1:colcon.colcon_core.package_identification:_identify(.) by extension 'ignore_ament_install'
[1.857s] Level 1:colcon.colcon_core.package_identification:_identify(.) by extensions ['colcon_pkg']
[1.857s] Level 1:colcon.colcon_core.package_identification:_identify(.) by extension 'colcon_pkg'
[1.857s] Level 1:colcon.colcon_core.package_identification:_identify(.) by extensions ['colcon_meta']
[1.857s] Level 1:colcon.colcon_core.package_identification:_identify(.) by extension 'colcon_meta'
[1.857s] Level 1:colcon.colcon_core.package_identification:_identify(.) by extensions ['ros']
[1.858s] Level 1:colcon.colcon_core.package_identification:_identify(.) by extension 'ros'
[1.932s] Level 1:colcon.colcon_core.package_identification:_identify(.) by extensions ['cmake', 'python']
[1.932s] Level 1:colcon.colcon_core.package_identification:_identify(.) by extension 'cmake'
[1.932s] Level 1:colcon.colcon_core.package_identification:_identify(.) by extension 'python'
[1.932s] Level 1:colcon.colcon_core.package_identification:_identify(.) by extensions ['python_setup_py']
[1.932s] Level 1:colcon.colcon_core.package_identification:_identify(.) by extension 'python_setup_py'
[1.933s] Level 1:colcon.colcon_core.package_identification:_identify(CAN_library) by extensions ['ignore', 'ignore_ament_install']
[1.933s] Level 1:colcon.colcon_core.package_identification:_identify(CAN_library) by extension 'ignore'
[1.933s] Level 1:colcon.colcon_core.package_identification:_identify(CAN_library) by extension 'ignore_ament_install'
[1.934s] Level 1:colcon.colcon_core.package_identification:_identify(CAN_library) by extensions ['colcon_pkg']
[1.934s] Level 1:colcon.colcon_core.package_identification:_identify(CAN_library) by extension 'colcon_pkg'
[1.934s] Level 1:colcon.colcon_core.package_identification:_identify(CAN_library) by extensions ['colcon_meta']
[1.934s] Level 1:colcon.colcon_core.package_identification:_identify(CAN_library) by extension 'colcon_meta'
[1.934s] Level 1:colcon.colcon_core.package_identification:_identify(CAN_library) by extensions ['ros']
[1.934s] Level 1:colcon.colcon_core.package_identification:_identify(CAN_library) by extension 'ros'
[1.941s] DEBUG:colcon.colcon_core.package_identification:Package 'CAN_library' with type 'ros.ament_cmake' and name 'CAN_library'
[1.942s] Level 1:colcon.colcon_core.package_identification:_identify(build) by extensions ['ignore', 'ignore_ament_install']
[1.942s] Level 1:colcon.colcon_core.package_identification:_identify(build) by extension 'ignore'
[1.942s] Level 1:colcon.colcon_core.package_identification:_identify(build) ignored
[1.942s] Level 1:colcon.colcon_core.package_identification:_identify(can_network_library) by extensions ['ignore', 'ignore_ament_install']
[1.943s] Level 1:colcon.colcon_core.package_identification:_identify(can_network_library) by extension 'ignore'
[1.943s] Level 1:colcon.colcon_core.package_identification:_identify(can_network_library) by extension 'ignore_ament_install'
[1.943s] Level 1:colcon.colcon_core.package_identification:_identify(can_network_library) by extensions ['colcon_pkg']
[1.943s] Level 1:colcon.colcon_core.package_identification:_identify(can_network_library) by extension 'colcon_pkg'
[1.943s] Level 1:colcon.colcon_core.package_identification:_identify(can_network_library) by extensions ['colcon_meta']
[1.943s] Level 1:colcon.colcon_core.package_identification:_identify(can_network_library) by extension 'colcon_meta'
[1.943s] Level 1:colcon.colcon_core.package_identification:_identify(can_network_library) by extensions ['ros']
[1.943s] Level 1:colcon.colcon_core.package_identification:_identify(can_network_library) by extension 'ros'
[1.945s] DEBUG:colcon.colcon_core.package_identification:Package 'can_network_library' with type 'ros.ament_cmake' and name 'can_network_library'
[1.945s] Level 1:colcon.colcon_core.package_identification:_identify(commInterface) by extensions ['ignore', 'ignore_ament_install']
[1.946s] Level 1:colcon.colcon_core.package_identification:_identify(commInterface) by extension 'ignore'
[1.946s] Level 1:colcon.colcon_core.package_identification:_identify(commInterface) by extension 'ignore_ament_install'
[1.946s] Level 1:colcon.colcon_core.package_identification:_identify(commInterface) by extensions ['colcon_pkg']
[1.946s] Level 1:colcon.colcon_core.package_identification:_identify(commInterface) by extension 'colcon_pkg'
[1.946s] Level 1:colcon.colcon_core.package_identification:_identify(commInterface) by extensions ['colcon_meta']
[1.946s] Level 1:colcon.colcon_core.package_identification:_identify(commInterface) by extension 'colcon_meta'
[1.946s] Level 1:colcon.colcon_core.package_identification:_identify(commInterface) by extensions ['ros']
[1.947s] Level 1:colcon.colcon_core.package_identification:_identify(commInterface) by extension 'ros'
[1.948s] DEBUG:colcon.colcon_core.package_identification:Package 'commInterface' with type 'ros.ament_cmake' and name 'commInterface'
[1.949s] Level 1:colcon.colcon_core.package_identification:_identify(comm_Interface) by extensions ['ignore', 'ignore_ament_install']
[1.949s] Level 1:colcon.colcon_core.package_identification:_identify(comm_Interface) by extension 'ignore'
[1.949s] Level 1:colcon.colcon_core.package_identification:_identify(comm_Interface) by extension 'ignore_ament_install'
[1.950s] Level 1:colcon.colcon_core.package_identification:_identify(comm_Interface) by extensions ['colcon_pkg']
[1.950s] Level 1:colcon.colcon_core.package_identification:_identify(comm_Interface) by extension 'colcon_pkg'
[1.950s] Level 1:colcon.colcon_core.package_identification:_identify(comm_Interface) by extensions ['colcon_meta']
[1.950s] Level 1:colcon.colcon_core.package_identification:_identify(comm_Interface) by extension 'colcon_meta'
[1.950s] Level 1:colcon.colcon_core.package_identification:_identify(comm_Interface) by extensions ['ros']
[1.950s] Level 1:colcon.colcon_core.package_identification:_identify(comm_Interface) by extension 'ros'
[1.952s] DEBUG:colcon.colcon_core.package_identification:Package 'comm_Interface' with type 'ros.ament_cmake' and name 'comm_Interface'
[1.953s] Level 1:colcon.colcon_core.package_identification:_identify(control_interface_package) by extensions ['ignore', 'ignore_ament_install']
[1.953s] Level 1:colcon.colcon_core.package_identification:_identify(control_interface_package) by extension 'ignore'
[1.953s] Level 1:colcon.colcon_core.package_identification:_identify(control_interface_package) by extension 'ignore_ament_install'
[1.953s] Level 1:colcon.colcon_core.package_identification:_identify(control_interface_package) by extensions ['colcon_pkg']
[1.953s] Level 1:colcon.colcon_core.package_identification:_identify(control_interface_package) by extension 'colcon_pkg'
[1.954s] Level 1:colcon.colcon_core.package_identification:_identify(control_interface_package) by extensions ['colcon_meta']
[1.954s] Level 1:colcon.colcon_core.package_identification:_identify(control_interface_package) by extension 'colcon_meta'
[1.954s] Level 1:colcon.colcon_core.package_identification:_identify(control_interface_package) by extensions ['ros']
[1.954s] Level 1:colcon.colcon_core.package_identification:_identify(control_interface_package) by extension 'ros'
[1.956s] DEBUG:colcon.colcon_core.package_identification:Package 'control_interface_package' with type 'ros.ament_cmake' and name 'control_interface_package'
[1.956s] Level 1:colcon.colcon_core.package_identification:_identify(custom_interfaces) by extensions ['ignore', 'ignore_ament_install']
[1.957s] Level 1:colcon.colcon_core.package_identification:_identify(custom_interfaces) by extension 'ignore'
[1.957s] Level 1:colcon.colcon_core.package_identification:_identify(custom_interfaces) by extension 'ignore_ament_install'
[1.957s] Level 1:colcon.colcon_core.package_identification:_identify(custom_interfaces) by extensions ['colcon_pkg']
[1.957s] Level 1:colcon.colcon_core.package_identification:_identify(custom_interfaces) by extension 'colcon_pkg'
[1.958s] Level 1:colcon.colcon_core.package_identification:_identify(custom_interfaces) by extensions ['colcon_meta']
[1.958s] Level 1:colcon.colcon_core.package_identification:_identify(custom_interfaces) by extension 'colcon_meta'
[1.958s] Level 1:colcon.colcon_core.package_identification:_identify(custom_interfaces) by extensions ['ros']
[1.958s] Level 1:colcon.colcon_core.package_identification:_identify(custom_interfaces) by extension 'ros'
[1.960s] DEBUG:colcon.colcon_core.package_identification:Package 'custom_interfaces' with type 'ros.ament_cmake' and name 'custom_interfaces'
[1.961s] Level 1:colcon.colcon_core.package_identification:_identify(install) by extensions ['ignore', 'ignore_ament_install']
[1.961s] Level 1:colcon.colcon_core.package_identification:_identify(install) by extension 'ignore'
[1.961s] Level 1:colcon.colcon_core.package_identification:_identify(install) ignored
[1.961s] Level 1:colcon.colcon_core.package_identification:_identify(log) by extensions ['ignore', 'ignore_ament_install']
[1.962s] Level 1:colcon.colcon_core.package_identification:_identify(log) by extension 'ignore'
[1.962s] Level 1:colcon.colcon_core.package_identification:_identify(log) ignored
[1.962s] Level 1:colcon.colcon_core.package_identification:_identify(motor_communication) by extensions ['ignore', 'ignore_ament_install']
[1.962s] Level 1:colcon.colcon_core.package_identification:_identify(motor_communication) by extension 'ignore'
[1.962s] Level 1:colcon.colcon_core.package_identification:_identify(motor_communication) by extension 'ignore_ament_install'
[1.963s] Level 1:colcon.colcon_core.package_identification:_identify(motor_communication) by extensions ['colcon_pkg']
[1.963s] Level 1:colcon.colcon_core.package_identification:_identify(motor_communication) by extension 'colcon_pkg'
[1.963s] Level 1:colcon.colcon_core.package_identification:_identify(motor_communication) by extensions ['colcon_meta']
[1.963s] Level 1:colcon.colcon_core.package_identification:_identify(motor_communication) by extension 'colcon_meta'
[1.963s] Level 1:colcon.colcon_core.package_identification:_identify(motor_communication) by extensions ['ros']
[1.963s] Level 1:colcon.colcon_core.package_identification:_identify(motor_communication) by extension 'ros'
[1.967s] DEBUG:colcon.colcon_core.package_identification:Package 'motor_communication' with type 'ros.ament_cmake' and name 'motor_communication'
[1.967s] Level 1:colcon.colcon_core.package_identification:_identify(my_control_interface_package) by extensions ['ignore', 'ignore_ament_install']
[1.968s] Level 1:colcon.colcon_core.package_identification:_identify(my_control_interface_package) by extension 'ignore'
[1.968s] Level 1:colcon.colcon_core.package_identification:_identify(my_control_interface_package) by extension 'ignore_ament_install'
[1.968s] Level 1:colcon.colcon_core.package_identification:_identify(my_control_interface_package) by extensions ['colcon_pkg']
[1.968s] Level 1:colcon.colcon_core.package_identification:_identify(my_control_interface_package) by extension 'colcon_pkg'
[1.969s] Level 1:colcon.colcon_core.package_identification:_identify(my_control_interface_package) by extensions ['colcon_meta']
[1.969s] Level 1:colcon.colcon_core.package_identification:_identify(my_control_interface_package) by extension 'colcon_meta'
[1.969s] Level 1:colcon.colcon_core.package_identification:_identify(my_control_interface_package) by extensions ['ros']
[1.969s] Level 1:colcon.colcon_core.package_identification:_identify(my_control_interface_package) by extension 'ros'
[1.971s] DEBUG:colcon.colcon_core.package_identification:Package 'my_control_interface_package' with type 'ros.ament_cmake' and name 'my_control_interface_package'
[1.971s] Level 1:colcon.colcon_core.package_identification:_identify(primitive) by extensions ['ignore', 'ignore_ament_install']
[1.972s] Level 1:colcon.colcon_core.package_identification:_identify(primitive) by extension 'ignore'
[1.972s] Level 1:colcon.colcon_core.package_identification:_identify(primitive) by extension 'ignore_ament_install'
[1.972s] Level 1:colcon.colcon_core.package_identification:_identify(primitive) by extensions ['colcon_pkg']
[1.972s] Level 1:colcon.colcon_core.package_identification:_identify(primitive) by extension 'colcon_pkg'
[1.972s] Level 1:colcon.colcon_core.package_identification:_identify(primitive) by extensions ['colcon_meta']
[1.972s] Level 1:colcon.colcon_core.package_identification:_identify(primitive) by extension 'colcon_meta'
[1.973s] Level 1:colcon.colcon_core.package_identification:_identify(primitive) by extensions ['ros']
[1.974s] Level 1:colcon.colcon_core.package_identification:_identify(primitive) by extension 'ros'
[1.976s] DEBUG:colcon.colcon_core.package_identification:Package 'primitive' with type 'ros.ament_python' and name 'primitive'
[1.976s] Level 1:colcon.colcon_core.package_identification:_identify(test) by extensions ['ignore', 'ignore_ament_install']
[1.977s] Level 1:colcon.colcon_core.package_identification:_identify(test) by extension 'ignore'
[1.977s] Level 1:colcon.colcon_core.package_identification:_identify(test) by extension 'ignore_ament_install'
[1.977s] Level 1:colcon.colcon_core.package_identification:_identify(test) by extensions ['colcon_pkg']
[1.977s] Level 1:colcon.colcon_core.package_identification:_identify(test) by extension 'colcon_pkg'
[1.977s] Level 1:colcon.colcon_core.package_identification:_identify(test) by extensions ['colcon_meta']
[1.977s] Level 1:colcon.colcon_core.package_identification:_identify(test) by extension 'colcon_meta'
[1.977s] Level 1:colcon.colcon_core.package_identification:_identify(test) by extensions ['ros']
[1.978s] Level 1:colcon.colcon_core.package_identification:_identify(test) by extension 'ros'
[1.979s] DEBUG:colcon.colcon_core.package_identification:Package 'test' with type 'ros.ament_cmake' and name 'test'
[1.980s] Level 1:colcon.colcon_core.package_identification:_identify(testing_interface) by extensions ['ignore', 'ignore_ament_install']
[1.980s] Level 1:colcon.colcon_core.package_identification:_identify(testing_interface) by extension 'ignore'
[1.980s] Level 1:colcon.colcon_core.package_identification:_identify(testing_interface) by extension 'ignore_ament_install'
[1.980s] Level 1:colcon.colcon_core.package_identification:_identify(testing_interface) by extensions ['colcon_pkg']
[1.980s] Level 1:colcon.colcon_core.package_identification:_identify(testing_interface) by extension 'colcon_pkg'
[1.980s] Level 1:colcon.colcon_core.package_identification:_identify(testing_interface) by extensions ['colcon_meta']
[1.981s] Level 1:colcon.colcon_core.package_identification:_identify(testing_interface) by extension 'colcon_meta'
[1.981s] Level 1:colcon.colcon_core.package_identification:_identify(testing_interface) by extensions ['ros']
[1.981s] Level 1:colcon.colcon_core.package_identification:_identify(testing_interface) by extension 'ros'
[1.983s] DEBUG:colcon.colcon_core.package_identification:Package 'testing_interface' with type 'ros.ament_python' and name 'testing_interface'
[1.983s] Level 1:colcon.colcon_core.package_discovery:discover_packages(recursive) using defaults
[1.983s] Level 1:colcon.colcon_core.package_discovery:discover_packages(ignore) discover
[1.983s] Level 1:colcon.colcon_core.package_discovery:discover_packages(ignore) using defaults
[1.983s] Level 1:colcon.colcon_core.package_discovery:discover_packages(path) discover
[1.983s] Level 1:colcon.colcon_core.package_discovery:discover_packages(path) using defaults
[1.985s] WARNING:colcon.colcon_core.package_selection:ignoring unknown package 'comm_interface' in --packages-select
[2.149s] INFO:colcon.colcon_core.package_selection:Skipping not selected package 'CAN_library' in 'CAN_library'
[2.149s] INFO:colcon.colcon_core.package_selection:Skipping not selected package 'can_network_library' in 'can_network_library'
[2.149s] INFO:colcon.colcon_core.package_selection:Skipping not selected package 'control_interface_package' in 'control_interface_package'
[2.150s] INFO:colcon.colcon_core.package_selection:Skipping not selected package 'custom_interfaces' in 'custom_interfaces'
[2.150s] INFO:colcon.colcon_core.package_selection:Skipping not selected package 'my_control_interface_package' in 'my_control_interface_package'
[2.150s] INFO:colcon.colcon_core.package_selection:Skipping not selected package 'primitive' in 'primitive'
[2.150s] INFO:colcon.colcon_core.package_selection:Skipping not selected package 'test' in 'test'
[2.150s] INFO:colcon.colcon_core.package_selection:Skipping not selected package 'commInterface' in 'commInterface'
[2.150s] INFO:colcon.colcon_core.package_selection:Skipping not selected package 'comm_Interface' in 'comm_Interface'
[2.150s] INFO:colcon.colcon_core.package_selection:Skipping not selected package 'motor_communication' in 'motor_communication'
[2.150s] INFO:colcon.colcon_core.package_selection:Skipping not selected package 'testing_interface' in 'testing_interface'
[2.152s] INFO:colcon.colcon_core.executor:Executing jobs using 'parallel' executor
[2.156s] DEBUG:colcon.colcon_parallel_executor.executor.parallel:run_until_complete
[2.156s] DEBUG:colcon.colcon_parallel_executor.executor.parallel:closing loop
[2.157s] DEBUG:colcon.colcon_parallel_executor.executor.parallel:loop closed
[2.157s] DEBUG:colcon.colcon_parallel_executor.executor.parallel:run_until_complete finished with '0'
[2.157s] DEBUG:colcon.colcon_core.event_reactor:joining thread
[2.217s] INFO:colcon.colcon_core.plugin_system:Skipping extension 'colcon_notification.desktop_notification.notify_send': Could not find 'notify-send'
[2.218s] INFO:colcon.colcon_core.plugin_system:Skipping extension 'colcon_notification.desktop_notification.terminal_notifier': Not used on non-Darwin systems
[2.218s] INFO:colcon.colcon_core.plugin_system:Skipping extension 'colcon_notification.desktop_notification.win32': Not used on non-Windows systems
[2.218s] INFO:colcon.colcon_notification.desktop_notification:Sending desktop notification using 'notify2'
[2.222s] DEBUG:colcon.colcon_notification.desktop_notification.notify2:Failed to initialize notify2: org.freedesktop.DBus.Error.ServiceUnknown: The name org.freedesktop.Notifications was not provided by any .service files
[2.223s] DEBUG:colcon.colcon_core.event_reactor:joined thread
[2.248s] INFO:colcon.colcon_core.plugin_system:Skipping extension 'colcon_core.shell.bat': Not used on non-Windows systems
[2.249s] INFO:colcon.colcon_core.shell:Creating prefix script '/home/pi/ros2_ws/src/install/local_setup.sh'
[2.251s] INFO:colcon.colcon_core.shell:Creating prefix util module '/home/pi/ros2_ws/src/install/_local_setup_util_sh.py'
[2.255s] INFO:colcon.colcon_core.shell:Creating prefix chain script '/home/pi/ros2_ws/src/install/setup.sh'
[2.315s] INFO:colcon.colcon_core.shell:Creating prefix script '/home/pi/ros2_ws/src/install/local_setup.bash'
[2.317s] INFO:colcon.colcon_core.shell:Creating prefix chain script '/home/pi/ros2_ws/src/install/setup.bash'
[2.373s] INFO:colcon.colcon_core.shell:Creating prefix script '/home/pi/ros2_ws/src/install/local_setup.zsh'
[2.375s] INFO:colcon.colcon_core.shell:Creating prefix chain script '/home/pi/ros2_ws/src/install/setup.zsh'
